
********************************
     VANBOX is starting up....
********************************

[press ctrl+c to end the Program]


Connecting to MQTT Broker...
Connected to Broker with result code 0


********************************
     Starting Cloud Update
********************************


********************************
      Starting GPS Update
********************************
********************************
         GPS Error
********************************


Received Message: snowball/switch/2 b'off'
switch Light off
********************************
     Cloud Update finished
********************************


********************************
      Starting GPS Update
********************************
********************************
         GPS Error
********************************


Received Message: snowball/switch/2 b'on'
switch Light on
Received Message: snowball/light/dimmer b'73'
Received Message: snowball/light/dimmer b'100'
Received Message: snowball/light/dimmer b'68'
Received Message: snowball/light/dimmer b'70'
Received Message: snowball/light/set_color b'#a1522d'
********************************
      Starting GPS Update
********************************
********************************
         GPS Error
********************************


Received Message: snowball/switch/2 b'on'
switch Light on
Received Message: snowball/light/dimmer b'0'
Received Message: snowball/light/dimmer b'38'
Received Message: snowball/light/dimmer b'46'
********************************
      Starting GPS Update
********************************
********************************
         GPS Error
********************************


Received Message: snowball/light/dimmer b'76'
Received Message: snowball/switch/2 b'on'
switch Light on
Received Message: snowball/switch/2 b'on'
switch Light on
Received Message: snowball/light/dimmer b'34'
Received Message: snowball/light/dimmer b'57'
********************************
      Starting GPS Update
********************************
********************************
         GPS Error
********************************


Received Message: snowball/light/set_color b'#d1681d'
Received Message: snowball/switch/2 b'off'
switch Light off
Received Message: snowball/switch/2 b'on'
switch Light on
Received Message: snowball/switch/2 b'off'
switch Light off
Received Message: snowball/switch/2 b'on'
switch Light on
Received Message: snowball/light/dimmer b'39'
********************************
      Starting GPS Update
********************************
********************************
         GPS Error
********************************


Received Message: snowball/switch/1 b'on'
switch Light on
Received Message: snowball/switch/1 b'off'
switch Light off
Received Message: snowball/switch/1 b'on'
switch Light on
Received Message: snowball/switch/2 b'on'
switch Light on
Received Message: snowball/light/dimmer b'11'
Received Message: snowball/light/dimmer b'29'
Received Message: snowball/switch/1 b'on'
switch Light on
Received Message: snowball/light/set_color b'#4169e0'
********************************
     Starting Cloud Update
********************************


********************************
      Starting GPS Update
********************************
********************************
         GPS Error
********************************


Received Message: snowball/switch/1 b'on'
switch Light on
Received Message: snowball/switch/2 b'on'
switch Light on
Received Message: snowball/light/dimmer b'67'
********************************
     Cloud Update finished
********************************


Received Message: snowball/switch/2 b'on'
switch Light on
Received Message: snowball/light/dimmer b'40'
Received Message: snowball/switch/1 b'on'
switch Light on
Received Message: snowball/light/set_color b'#ffa44f'
********************************
      Starting GPS Update
********************************
********************************
         GPS Error
********************************


Received Message: snowball/switch/1 b'on'
switch Light on
Received Message: snowball/switch/2 b'on'
switch Light on
Received Message: snowball/light/dimmer b'47'
********************************
      Starting GPS Update
********************************
********************************
         GPS Error
********************************


Received Message: snowball/switch/1 b'on'
switch Light on
Received Message: snowball/switch/2 b'on'
switch Light on
Received Message: snowball/light/dimmer b'39'
Received Message: snowball/light/dimmer b'100'
Received Message: snowball/light/set_color b'#ffffff'
Received Message: snowball/switch/1 b'on'
switch Light on
Received Message: snowball/switch/2 b'on'
switch Light on
Received Message: snowball/light/dimmer b'61'
Received Message: snowball/light/set_color b'#ffa44f'
********************************
      Starting GPS Update
********************************
********************************
         GPS Error
********************************


Received Message: snowball/light/set_color b'#4c0082'
Received Message: snowball/switch/2 b'on'
switch Light on
Received Message: snowball/switch/2 b'off'
switch Light off
Received Message: snowball/switch/2 b'on'
switch Light on
Received Message: snowball/light/dimmer b'50'
Received Message: snowball/switch/1 b'on'
switch Light on
Received Message: snowball/switch/2 b'on'
switch Light on
Received Message: snowball/light/dimmer b'47'
Received Message: snowball/light/set_color b'#ffc48a'
********************************
      Starting GPS Update
********************************
********************************
         GPS Error
********************************


Received Message: snowball/switch/1 b'on'
switch Light on
Received Message: snowball/switch/2 b'on'
switch Light on
Received Message: snowball/light/dimmer b'100'
Received Message: snowball/light/set_color b'#ffffff'
Received Message: snowball/light/set_color b'#00ffff'
Received Message: snowball/light/dimmer b'99'
Received Message: snowball/light/dimmer b'0'
Received Message: snowball/light/dimmer b'100'
Received Message: snowball/light/dimmer b'0'
Received Message: snowball/switch/2 b'off'
switch Light off
Received Message: snowball/switch/2 b'on'
switch Light on
Received Message: snowball/light/dimmer b'100'
Received Message: snowball/switch/1 b'on'
switch Light on
Received Message: snowball/switch/2 b'on'
switch Light on
Received Message: snowball/light/dimmer b'100'
Received Message: snowball/light/set_color b'#ffffff'
********************************
      Starting GPS Update
********************************
********************************
         GPS Error
********************************


Received Message: snowball/switch/1 b'on'
switch Light on
Received Message: snowball/switch/2 b'on'
switch Light on
Received Message: snowball/light/dimmer b'100'
Received Message: snowball/light/set_color b'#ffffff'
Received Message: snowball/switch/1 b'on'
switch Light on
Received Message: snowball/switch/2 b'on'
switch Light on
Received Message: snowball/light/dimmer b'100'
Received Message: snowball/light/set_color b'#ffa44f'
********************************
     Starting Cloud Update
********************************


********************************
      Starting GPS Update
********************************
********************************
         GPS Error
********************************


********************************
     Cloud Update finished
********************************


Received Message: snowball/switch/2 b'on'
switch Light on
Received Message: snowball/light/dimmer b'50'
Received Message: snowball/light/dimmer b'27'
Received Message: snowball/light/set_color b'#ffa44f'
Received Message: snowball/light/set_color b'#000000'
Received Message: snowball/light/set_color b'#a1522d'
Received Message: snowball/light/set_color b'#ffa44f'
Received Message: snowball/light/set_color b'#ffffff'
Received Message: snowball/light/set_color b'#4169e0'
Received Message: snowball/light/set_color b'#00ffff'
Received Message: snowball/light/dimmer b'39'
Received Message: snowball/light/dimmer b'73'
Received Message: snowball/light/dimmer b'100'
Received Message: snowball/light/set_color b'#ffffff'
Received Message: snowball/light/set_color b'#ffc48a'Exception in thread Thread-2:
Traceback (most recent call last):
  File "/usr/lib/python3.9/threading.py", line 954, in _bootstrap_inner
    self.run()
  File "/usr/lib/python3.9/threading.py", line 892, in run
    self._target(*self._args, **self._kwargs)
  File "/home/pi/SmartVanIoT/cloud.py", line 27, in run
    urllib.request.urlopen("https://api.thingspeak.com/update?api_key=5BES7ZJMPH9KM58J&field1=" + str(sensordata["humid_inside"]))
KeyError: 'humid_inside'

********************************
     VANBOX is starting up....
********************************

[press ctrl+c to end the Program]


Connecting to MQTT Broker...
Connected to Broker with result code 0


********************************
     Starting Cloud Update
********************************


Received Message: $SYS/broker/clients/active b'2'
********************************
      Starting GPS Update
********************************
Received Message: snowball/switch/1 b'on'
switch Light on
Received Message: snowball/switch/2 b'off'
switch Light off
Received Message: snowball/switch/3 b'on'
switch Light on
Received Message: snowball/switch/4 b'off'
switch Light off
Received Message: $SYS/broker/clients/active b'3'
Received Message: snowball/switch/1 b'on'
switch Light on
Received Message: snowball/switch/2 b'off'
switch Light off
Received Message: snowball/switch/3 b'on'
switch Light on
Received Message: snowball/switch/4 b'off'
switch Light off
********************************
         GPS Error
********************************


Received Message: snowball/switch/2 b'on'
switch Light on
Received Message: snowball/light/dimmer b'8'
Received Message: snowball/light/dimmer b'100'
Received Message: snowball/light/dimmer b'100'
Received Message: snowball/light/dimmer b'70'
Received Message: snowball/switch/2 b'off'
switch Light off
Received Message: snowball/switch/2 b'on'
switch Light on
Received Message: snowball/light/dimmer b'100'
Received Message: snowball/light/dimmer b'75'
Received Message: snowball/light/dimmer b'100'
Received Message: snowball/switch/2 b'off'
switch Light off
Received Message: snowball/switch/2 b'on'
switch Light on
Received Message: snowball/light/dimmer b'87'
Received Message: snowball/light/dimmer b'81'
Received Message: snowball/light/dimmer b'100'
Received Message: snowball/light/dimmer b'100'
Received Message: snowball/switch/2 b'off'
switch Light off
Received Message: snowball/switch/2 b'on'
switch Light on
Received Message: snowball/light/dimmer b'69'
Received Message: snowball/light/dimmer b'100'
Received Message: snowball/switch/2 b'off'
switch Light off
Received Message: snowball/switch/2 b'on'
switch Light on
Received Message: snowball/switch/2 b'off'
switch Light off
Received Message: snowball/switch/2 b'on'
switch Light on
Received Message: snowball/light/dimmer b'83'
Received Message: snowball/light/dimmer b'0'
Received Message: snowball/light/dimmer b'10'
Received Message: snowball/light/dimmer b'100'
Received Message: snowball/switch/2 b'off'
switch Light off
Received Message: snowball/switch/2 b'on'
switch Light on
Received Message: snowball/light/dimmer b'0'
Received Message: snowball/switch/2 b'off'
switch Light off
Received Message: snowball/light/dimmer b'100'
Received Message: snowball/light/dimmer b'99'
Received Message: snowball/light/dimmer b'0'
Received Message: snowball/switch/2 b'on'
switch Light on
Received Message: snowball/light/dimmer b'0'
Received Message: snowball/light/dimmer b'100'
Received Message: snowball/switch/2 b'off'
switch Light off
Received Message: snowball/switch/2 b'on'
switch Light on
Received Message: snowball/light/dimmer b'99'
Received Message: snowball/light/dimmer b'0'
Received Message: snowball/light/dimmer b'100'
Received Message: snowball/switch/2 b'off'
switch Light off
Received Message: snowball/switch/2 b'on'
switch Light on
Received Message: snowball/light/set_color b'#ffa44f'
Received Message: snowball/light/set_color b'#4c0082'
Received Message: snowball/light/set_color b'#4169e0'
Received Message: snowball/light/set_color b'#000000'
Received Message: snowball/light/set_color b'#00ffff'
Received Message: snowball/light/set_color b'#ffffff'
Received Message: snowball/light/dimmer b'66'
Received Message: snowball/light/dimmer b'100'
Received Message: snowball/switch/2 b'off'
switch Light off
Received Message: snowball/switch/2 b'on'
switch Light on
Received Message: snowball/switch/2 b'on'
switch Light on
Received Message: snowball/switch/2 b'off'
switch Light off
Received Message: snowball/switch/2 b'on'
switch Light on
Received Message: snowball/switch/2 b'off'
switch Light off
Received Message: $SYS/broker/clients/active b'2'
Received Message: snowball/switch/1 b'on'
switch Light on
Received Message: snowball/switch/2 b'off'
switch Light off
Received Message: snowball/switch/3 b'on'
switch Light on
Received Message: snowball/switch/4 b'off'
switch Light off
Received Message: $SYS/broker/clients/active b'3'
Received Message: snowball/switch/1 b'on'
switch Light on
Received Message: snowball/switch/2 b'off'
switch Light off
Received Message: snowball/switch/3 b'on'
switch Light on
Received Message: snowball/switch/4 b'off'
switch Light off
Received Message: $SYS/broker/clients/active b'2'
Received Message: snowball/switch/1 b'on'
switch Light on
Received Message: snowball/switch/2 b'off'
switch Light off
Received Message: snowball/switch/3 b'on'
switch Light on
Received Message: snowball/switch/4 b'off'
switch Light off
********************************
      Starting GPS Update
********************************
********************************
         GPS Error
********************************


Received Message: $SYS/broker/clients/active b'3'
Received Message: snowball/switch/1 b'on'
switch Light on
Received Message: snowball/switch/2 b'off'
switch Light off
Received Message: snowball/switch/3 b'on'
switch Light on
Received Message: snowball/switch/4 b'off'
switch Light off
Received Message: snowball/switch/2 b'on'
switch Light on
Received Message: snowball/light/dimmer b'14'
Received Message: $SYS/broker/clients/active b'2'
Received Message: snowball/switch/1 b'on'
switch Light on
Received Message: snowball/switch/2 b'on'
switch Light on
Received Message: snowball/switch/3 b'on'
switch Light on
Received Message: snowball/switch/4 b'off'
switch Light off
Received Message: $SYS/broker/clients/active b'1'
Received Message: snowball/switch/1 b'on'
switch Light on
Received Message: snowball/switch/2 b'on'
switch Light on
Received Message: snowball/switch/3 b'on'
switch Light on
Received Message: snowball/switch/4 b'off'
switch Light off
********************************
      Starting GPS Update
********************************
********************************
         GPS Error
********************************


Received Message: $SYS/broker/clients/active b'2'
Received Message: snowball/switch/1 b'on'
switch Light on
Received Message: snowball/switch/2 b'on'
switch Light on
Received Message: snowball/switch/3 b'on'
switch Light on
Received Message: snowball/switch/4 b'off'
switch Light off
Received Message: snowball/switch/2 b'off'
switch Light off
Received Message: snowball/switch/2 b'on'
switch Light on
Received Message: snowball/switch/2 b'off'
switch Light off
Received Message: $SYS/broker/clients/active b'1'
Received Message: snowball/switch/1 b'on'
switch Light on
Received Message: snowball/switch/2 b'off'
switch Light off
Received Message: snowball/switch/3 b'on'
switch Light on
Received Message: snowball/switch/4 b'off'
switch Light off
********************************
      Starting GPS Update
********************************
********************************
         GPS Error
********************************


Received Message: snowball/switch/2 b'on'
switch Light on
Received Message: snowball/switch/2 b'off'
switch Light off
Received Message: snowball/switch/2 b'on'
switch Light on
Received Message: snowball/switch/2 b'off'
switch Light off
Received Message: snowball/switch/2 b'on'
switch Light on
Received Message: snowball/switch/2 b'off'
switch Light off
********************************
      Starting GPS Update
********************************
********************************
         GPS Error
********************************


Received Message: $SYS/broker/clients/active b'2'
Received Message: snowball/switch/1 b'on'
switch Light on
Received Message: snowball/switch/2 b'off'
switch Light off
Received Message: snowball/switch/3 b'on'
switch Light on
Received Message: snowball/switch/4 b'off'
switch Light off
********************************
      Starting GPS Update
********************************
********************************
         GPS Error
********************************


Received Message: $SYS/broker/clients/active b'3'
Received Message: snowball/switch/1 b'on'
switch Light on
Received Message: snowball/switch/2 b'off'
switch Light off
Received Message: snowball/switch/3 b'on'
switch Light on
Received Message: snowball/switch/4 b'off'
switch Light off
Received Message: snowball/switch/2 b'on'
switch Light on
Received Message: snowball/switch/2 b'off'
switch Light off
Received Message: $SYS/broker/clients/active b'2'
Received Message: snowball/switch/1 b'on'
switch Light on
Received Message: snowball/switch/2 b'off'
switch Light off
Received Message: snowball/switch/3 b'on'
switch Light on
Received Message: snowball/switch/4 b'off'
switch Light off
********************************
     Starting Cloud Update
********************************


********************************
      Starting GPS Update
********************************
********************************
         GPS Error
********************************


********************************
     Cloud Update finished
********************************


Received Message: $SYS/broker/clients/active b'3'
Received Message: snowball/switch/1 b'on'
switch Light on
Received Message: snowball/switch/2 b'off'
switch Light off
Received Message: snowball/switch/3 b'on'
switch Light on
Received Message: snowball/switch/4 b'off'
switch Light off
Received Message: $SYS/broker/clients/active b'2'
Received Message: snowball/switch/1 b'on'
switch Light on
Received Message: snowball/switch/2 b'off'
switch Light off
Received Message: snowball/switch/3 b'on'
switch Light on
Received Message: snowball/switch/4 b'off'
switch Light off
********************************
      Starting GPS Update
********************************
********************************
         GPS Error
********************************


********************************
      Starting GPS Update
********************************
********************************
         GPS Error
********************************


********************************
      Starting GPS Update
********************************
********************************
         GPS Error
********************************


Received Message: $SYS/broker/clients/active b'3'
Received Message: snowball/switch/1 b'on'
switch Light on
Received Message: snowball/switch/2 b'off'
switch Light off
Received Message: snowball/switch/3 b'on'
switch Light on
Received Message: snowball/switch/4 b'off'
switch Light off
Received Message: snowball/switch/1 b'off'
switch Light off
Received Message: $SYS/broker/clients/active b'2'
Received Message: snowball/switch/1 b'off'
switch Light off
Received Message: snowball/switch/2 b'off'
switch Light off
Received Message: snowball/switch/3 b'on'
switch Light on
Received Message: snowball/switch/4 b'off'
switch Light off
Received Message: $SYS/broker/clients/active b'3'
Received Message: snowball/switch/1 b'off'
switch Light off
Received Message: snowball/switch/2 b'off'
switch Light off
Received Message: snowball/switch/3 b'on'
switch Light on
Received Message: snowball/switch/4 b'off'
switch Light off
Received Message: $SYS/broker/clients/active b'2'
Received Message: snowball/switch/1 b'off'
switch Light off
Received Message: snowball/switch/2 b'off'
switch Light off
Received Message: snowball/switch/3 b'on'
switch Light on
Received Message: snowball/switch/4 b'off'
switch Light off
********************************
      Starting GPS Update
********************************
********************************
         GPS Error
********************************


Received Message: $SYS/broker/clients/active b'3'
Received Message: snowball/switch/1 b'off'
switch Light off
Received Message: snowball/switch/2 b'off'
switch Light off
Received Message: snowball/switch/3 b'on'
switch Light on
Received Message: snowball/switch/4 b'off'
switch Light off
Received Message: $SYS/broker/clients/active b'2'
Received Message: snowball/switch/1 b'off'
switch Light off
Received Message: snowball/switch/2 b'off'
switch Light off
Received Message: snowball/switch/3 b'on'
switch Light on
Received Message: snowball/switch/4 b'off'
switch Light off
********************************
      Starting GPS Update
********************************
********************************
         GPS Error
********************************


********************************
     Starting Cloud Update
********************************


********************************
      Starting GPS Update
********************************
********************************
         GPS Error
********************************


********************************
     Cloud Update finished
********************************


********************************
      Starting GPS Update
********************************
********************************
         GPS Error
********************************


********************************
      Starting GPS Update
********************************
********************************
         GPS Error
********************************


********************************
      Starting GPS Update
********************************
********************************
         GPS Error
********************************


********************************
      Starting GPS Update
********************************
********************************
         GPS Error
********************************


********************************
      Starting GPS Update
********************************
********************************
         GPS Error
********************************


********************************
     Starting Cloud Update
********************************


********************************
      Starting GPS Update
********************************
********************************
         GPS Error
********************************


********************************
     Cloud Update finished
********************************


********************************
      Starting GPS Update
********************************
********************************
         GPS Error
********************************


********************************
      Starting GPS Update
********************************
********************************
         GPS Error
********************************


********************************
      Starting GPS Update
********************************
********************************
         GPS Error
********************************


********************************
      Starting GPS Update
********************************
********************************
         GPS Error
********************************


********************************
      Starting GPS Update
********************************
********************************
         GPS Error
********************************


********************************
     Starting Cloud Update
********************************


********************************
      Starting GPS Update
********************************
********************************
         GPS Error
********************************


********************************
     Cloud Update finished
********************************


********************************
      Starting GPS Update
********************************
********************************
         GPS Error
********************************


********************************
      Starting GPS Update
********************************
********************************
         GPS Error
********************************


********************************
      Starting GPS Update
********************************
********************************
         GPS Error
********************************


********************************
      Starting GPS Update
********************************
********************************
         GPS Error
********************************


********************************
      Starting GPS Update
********************************
********************************
         GPS Error
********************************


********************************
     Starting Cloud Update
********************************


********************************
      Starting GPS Update
********************************
********************************
         GPS Error
********************************


********************************
     Cloud Update finished
********************************


********************************
      Starting GPS Update
********************************
********************************
         GPS Error
********************************


********************************
      Starting GPS Update
********************************
********************************
         GPS Error
********************************


********************************
      Starting GPS Update
********************************
********************************
         GPS Error
********************************


********************************
      Starting GPS Update
********************************
********************************
         GPS Error
********************************


********************************
      Starting GPS Update
********************************
********************************
         GPS Error
********************************


********************************
     Starting Cloud Update
********************************


********************************
      Starting GPS Update
********************************
********************************
         GPS Error
********************************


********************************
     Cloud Update finished
********************************


********************************
      Starting GPS Update
********************************
********************************
         GPS Error
********************************


********************************
      Starting GPS Update
********************************
********************************
         GPS Error
********************************


********************************
      Starting GPS Update
********************************
********************************
         GPS Error
********************************


********************************
      Starting GPS Update
********************************
********************************
         GPS Error
********************************


********************************
      Starting GPS Update
********************************
********************************
         GPS Error
********************************


********************************
     Starting Cloud Update
********************************


********************************
      Starting GPS Update
********************************
********************************
         GPS Error
********************************


********************************
     Cloud Update finished
********************************


********************************
      Starting GPS Update
********************************
********************************
         GPS Error
********************************


********************************
      Starting GPS Update
********************************
********************************
         GPS Error
********************************


********************************
      Starting GPS Update
********************************
********************************
         GPS Error
********************************


********************************
      Starting GPS Update
********************************
********************************
         GPS Error
********************************


********************************
      Starting GPS Update
********************************
********************************
         GPS Error
********************************


********************************
     Starting Cloud Update
********************************


********************************
      Starting GPS Update
********************************
********************************
         GPS Error
********************************


********************************
     Cloud Update finished
********************************


********************************
      Starting GPS Update
********************************
********************************
         GPS Error
********************************


********************************
      Starting GPS Update
********************************
********************************
         GPS Error
********************************


********************************
      Starting GPS Update
********************************
********************************
         GPS Error
********************************


********************************
      Starting GPS Update
********************************
********************************
         GPS Error
********************************


********************************
      Starting GPS Update
********************************
********************************
         GPS Error
********************************


********************************
     Starting Cloud Update
********************************


********************************
      Starting GPS Update
********************************
********************************
         GPS Error
********************************


********************************
     Cloud Update finished
********************************


********************************
      Starting GPS Update
********************************
********************************
         GPS Error
********************************


********************************
      Starting GPS Update
********************************
********************************
         GPS Error
********************************


********************************
      Starting GPS Update
********************************
********************************
         GPS Error
********************************


********************************
      Starting GPS Update
********************************
********************************
         GPS Error
********************************


********************************
      Starting GPS Update
********************************
********************************
         GPS Error
********************************


********************************
     Starting Cloud Update
********************************


********************************
      Starting GPS Update
********************************
********************************
         GPS Error
********************************


********************************
     Cloud Update finished
********************************


Received Message: $SYS/broker/clients/active b'3'
Received Message: snowball/switch/1 b'off'
switch Light off
Received Message: snowball/switch/2 b'off'
switch Light off
Received Message: snowball/switch/3 b'on'
switch Light on
Received Message: snowball/switch/4 b'off'
switch Light off
Received Message: snowball/switch/2 b'on'
switch Light on
Received Message: snowball/switch/2 b'off'
switch Light off
Received Message: $SYS/broker/clients/active b'2'
Received Message: snowball/switch/1 b'off'
switch Light off
Received Message: snowball/switch/2 b'off'
switch Light off
Received Message: snowball/switch/3 b'on'
switch Light on
Received Message: snowball/switch/4 b'off'
switch Light off
********************************
      Starting GPS Update
********************************
********************************
         GPS Error
********************************


********************************
      Starting GPS Update
********************************
********************************
         GPS Error
********************************


********************************
      Starting GPS Update
********************************
********************************
         GPS Error
********************************


********************************
      Starting GPS Update
********************************
********************************
         GPS Error
********************************


********************************
      Starting GPS Update
********************************
********************************
         GPS Error
********************************